This file contains any messages produced by compilers while
running configure, to aid debugging if configure makes a mistake.

It was created by stlink configure 0.5.6, which was
generated by GNU Autoconf 2.69.  Invocation command line was

  $ /home/b4050n/stlink-v2/configure 

## --------- ##
## Platform. ##
## --------- ##

hostname = b4050n-v1440
uname -m = x86_64
uname -r = 4.2.0-21-lowlatency
uname -s = Linux
uname -v = #25-Ubuntu SMP PREEMPT Wed Dec 2 19:40:24 UTC 2015

/usr/bin/uname -p = unknown
/bin/uname -X     = unknown

/bin/arch              = unknown
/usr/bin/arch -k       = unknown
/usr/convex/getsysinfo = unknown
/usr/bin/hostinfo      = unknown
/bin/machine           = unknown
/usr/bin/oslevel       = unknown
/bin/universe          = unknown

PATH: /home/b4050n/Dropbox/ASEAD_UAV_Group/04.SonLB/Code/ardupilot/Tools/scripts/ardupilot/Tools/autotest
PATH: /opt/gcc-arm-none-eabi-4_8-2013q4/bin
PATH: /usr/local/sbin
PATH: /usr/local/bin
PATH: /usr/sbin
PATH: /usr/bin
PATH: /sbin
PATH: /bin
PATH: /usr/games
PATH: /usr/local/games
PATH: /bin
PATH: /sbin
PATH: /usr/bin
PATH: /usr/sbin
PATH: /opt/gcc-arm-none-eabi-4_8-2014q3/bin
PATH: /home/b4050n/stlink-v2
PATH: /home/b4050n/stm32flash
PATH: /home/b4050n/Eclipse/eclipse-luna
PATH: /home/b4050n/arduino-1.6.6
PATH: /opt/skype
PATH: /opt/Qt5.5.1/5.5/gcc_64/bin/
PATH: /opt/Qt5.5.1/Tools/QtCreator/bin/
PATH: /usr/bin/pkg-config
PATH: /usr/share/man/man1/pkg-config.1.gz
PATH: /usr/share/fontconfig
PATH: /usr/share/fontconfig/conf.avail
PATH: /usr/bin/make
PATH: /usr/local/bin/gyp
PATH: /home/b4050n/SublimeText


## ----------- ##
## Core tests. ##
## ----------- ##

configure:2242: checking for a BSD-compatible install
configure:2310: result: /usr/bin/install -c
configure:2321: checking whether build environment is sane
configure:2376: result: yes
configure:2527: checking for a thread-safe mkdir -p
configure:2566: result: /bin/mkdir -p
configure:2573: checking for gawk
configure:2589: found /usr/bin/gawk
configure:2600: result: gawk
configure:2611: checking whether make sets $(MAKE)
configure:2633: result: yes
configure:2662: checking whether make supports nested variables
configure:2679: result: yes
configure:2696: error: source directory already configured; run "make distclean" there first

## ---------------- ##
## Cache variables. ##
## ---------------- ##

ac_cv_env_CC_set=
ac_cv_env_CC_value=
ac_cv_env_CFLAGS_set=
ac_cv_env_CFLAGS_value=
ac_cv_env_CPPFLAGS_set=
ac_cv_env_CPPFLAGS_value=
ac_cv_env_CPP_set=
ac_cv_env_CPP_value=
ac_cv_env_GLIB_CFLAGS_set=
ac_cv_env_GLIB_CFLAGS_value=
ac_cv_env_GLIB_LIBS_set=
ac_cv_env_GLIB_LIBS_value=
ac_cv_env_GTK_CFLAGS_set=
ac_cv_env_GTK_CFLAGS_value=
ac_cv_env_GTK_LIBS_set=
ac_cv_env_GTK_LIBS_value=
ac_cv_env_LDFLAGS_set=
ac_cv_env_LDFLAGS_value=
ac_cv_env_LIBS_set=
ac_cv_env_LIBS_value=
ac_cv_env_PKG_CONFIG_LIBDIR_set=
ac_cv_env_PKG_CONFIG_LIBDIR_value=
ac_cv_env_PKG_CONFIG_PATH_set=
ac_cv_env_PKG_CONFIG_PATH_value=
ac_cv_env_PKG_CONFIG_set=
ac_cv_env_PKG_CONFIG_value=
ac_cv_env_USB_CFLAGS_set=
ac_cv_env_USB_CFLAGS_value=
ac_cv_env_USB_LIBS_set=
ac_cv_env_USB_LIBS_value=
ac_cv_env_build_alias_set=
ac_cv_env_build_alias_value=
ac_cv_env_host_alias_set=
ac_cv_env_host_alias_value=
ac_cv_env_target_alias_set=
ac_cv_env_target_alias_value=
ac_cv_path_install='/usr/bin/install -c'
ac_cv_path_mkdir=/bin/mkdir
ac_cv_prog_AWK=gawk
ac_cv_prog_make_make_set=yes
am_cv_make_support_nested_variables=yes

## ----------------- ##
## Output variables. ##
## ----------------- ##

ACLOCAL=''
AMDEPBACKSLASH=''
AMDEP_FALSE=''
AMDEP_TRUE=''
AMTAR=''
AM_BACKSLASH='\'
AM_DEFAULT_V='$(AM_DEFAULT_VERBOSITY)'
AM_DEFAULT_VERBOSITY='1'
AM_V='$(V)'
AUTOCONF=''
AUTOHEADER=''
AUTOMAKE=''
AWK='gawk'
CC=''
CCDEPMODE=''
CFLAGS=''
CPP=''
CPPFLAGS=''
CYGPATH_W=''
DEFS=''
DEPDIR=''
ECHO_C=''
ECHO_N='-n'
ECHO_T=''
EGREP=''
EXEEXT=''
GLIB_CFLAGS=''
GLIB_LIBS=''
GREP=''
GTK_CFLAGS=''
GTK_LIBS=''
INSTALL_DATA='${INSTALL} -m 644'
INSTALL_PROGRAM='${INSTALL}'
INSTALL_SCRIPT='${INSTALL}'
INSTALL_STRIP_PROGRAM='$(install_sh) -c -s'
LDFLAGS=''
LIBOBJS=''
LIBS=''
LTLIBOBJS=''
MAKEINFO=''
MAYBE_GUI=''
MINGW_FALSE=''
MINGW_TRUE=''
MKDIR_P='/bin/mkdir -p'
OBJEXT=''
PACKAGE=''
PACKAGE_BUGREPORT='davem@devkitpro.org'
PACKAGE_NAME='stlink'
PACKAGE_STRING='stlink 0.5.6'
PACKAGE_TARNAME='stlink'
PACKAGE_URL=''
PACKAGE_VERSION='0.5.6'
PATH_SEPARATOR=':'
PKG_CONFIG=''
PKG_CONFIG_LIBDIR=''
PKG_CONFIG_PATH=''
RANLIB=''
SET_MAKE=''
SHELL='/bin/sh'
STRIP=''
USB_CFLAGS=''
USB_LIBS=''
VERSION=''
ac_ct_CC=''
am__EXEEXT_FALSE=''
am__EXEEXT_TRUE=''
am__fastdepCC_FALSE=''
am__fastdepCC_TRUE=''
am__include=''
am__isrc=' -I$(srcdir)'
am__leading_dot='.'
am__nodep=''
am__quote=''
am__tar=''
am__untar=''
bindir='${exec_prefix}/bin'
build=''
build_alias=''
build_cpu=''
build_os=''
build_vendor=''
datadir='${datarootdir}'
datarootdir='${prefix}/share'
docdir='${datarootdir}/doc/${PACKAGE_TARNAME}'
dvidir='${docdir}'
exec_prefix='NONE'
host=''
host_alias=''
host_cpu=''
host_os=''
host_vendor=''
htmldir='${docdir}'
includedir='${prefix}/include'
infodir='${datarootdir}/info'
install_sh='${SHELL} /home/b4050n/stlink-v2/install-sh'
libdir='${exec_prefix}/lib'
libexecdir='${exec_prefix}/libexec'
localedir='${datarootdir}/locale'
localstatedir='${prefix}/var'
mandir='${datarootdir}/man'
mkdir_p=''
oldincludedir='/usr/include'
pdfdir='${docdir}'
prefix='NONE'
program_transform_name='s,x,x,'
psdir='${docdir}'
sbindir='${exec_prefix}/sbin'
sharedstatedir='${prefix}/com'
sysconfdir='${prefix}/etc'
target_alias=''

## ----------- ##
## confdefs.h. ##
## ----------- ##

/* confdefs.h */
#define PACKAGE_NAME "stlink"
#define PACKAGE_TARNAME "stlink"
#define PACKAGE_VERSION "0.5.6"
#define PACKAGE_STRING "stlink 0.5.6"
#define PACKAGE_BUGREPORT "davem@devkitpro.org"
#define PACKAGE_URL ""

configure: exit 1
